make all --print-data-base --no-builtin-variables --no-builtin-rules --question
# GNU Make 3.81
# Copyright (C) 2006  Free Software Foundation, Inc.
# This is free software; see the source for copying conditions.
# There is NO warranty; not even for MERCHANTABILITY or FITNESS FOR A
# PARTICULAR PURPOSE.

# This program built for i386-apple-darwin11.3.0
 

# Make data base, printed on Mon Jan  2 18:35:03 2023

# Variables

# automatic
<D = $(patsubst %/,%,$(dir $<))
# automatic
?F = $(notdir $?)
# automatic
?D = $(patsubst %/,%,$(dir $?))
# automatic
@D = $(patsubst %/,%,$(dir $@))
# automatic
@F = $(notdir $@)
# makefile
CURDIR := /Users/alanhsiu/Documents/ee/Alg/b09901066_pa1
# makefile
SHELL = /bin/sh
# environment
VSCODE_NLS_CONFIG = {"locale":"en-us","availableLanguages":{},"_languagePackSupport":true}
# environment
_ = /usr/bin/make
# makefile (from `makefile', line 3)
CFLAGS = -c
# makefile (from `makefile', line 1)
MAKEFILE_LIST :=  makefile
# environment
__CFBundleIdentifier = com.microsoft.VSCode
# environment
INFOPATH = /opt/homebrew/share/info:/opt/local/share/info:
# environment
MallocSpaceEfficient = 1
# environment
VSCODE_CWD = /
# environment
PATH = /Users/alanhsiu/bin:/opt/local/bin:/opt/local/sbin:/Users/alanhsiu/.local/bin:/opt/homebrew/bin:/opt/homebrew/sbin:/usr/local/bin:/System/Cryptexes/App/usr/bin:/Applications/VMware Fusion.app/Contents/Public:/Library/Apple/usr/bin:/usr/bin:/bin:/usr/sbin:/sbin:/Users/alanhsiu/.cache/zsh4humans/v5/fzf/bin
# environment
LSCOLORS = ExGxDxDxCxDxDxFxFxexEx
# makefile (from `makefile', line 5)
ARFLAGS = rcv
# environment
LaunchInstanceID = E03DB793-F70E-4556-B284-5E89FEBD1209
# makefile (from `makefile', line 4)
AR = ar
# environment
ELECTRON_RUN_AS_NODE = 1
# environment
TERMINFO = /Users/alanhsiu/.terminfo
# default
.FEATURES := target-specific order-only second-expansion else-if archives jobserver check-symlink
# environment
LS_COLORS = fi=00:mi=00:mh=00:ln=01;36:or=01;31:di=01;34:ow=04;01;34:st=34:tw=04;34:pi=01;33:so=01;33:do=01;33:bd=01;33:cd=01;33:su=01;35:sg=01;35:ca=01;35:ex=01;32
# environment
SSH_AUTH_SOCK = /private/tmp/com.apple.launchd.ATTFmr3U58/Listeners
# automatic
%F = $(notdir $%)
# environment
PWD = /Users/alanhsiu/Documents/ee/Alg/b09901066_pa1
# environment
HOMEBREW_CELLAR = /opt/homebrew/Cellar
# environment
ORIGINAL_XDG_CURRENT_DESKTOP = undefined
# environment
MANPATH = /opt/homebrew/share/man:/opt/local/share/man:/usr/share/man:/usr/local/share/man:/Users/alanhsiu/.cache/zsh4humans/v5/fzf/man:
# environment
VSCODE_AMD_ENTRYPOINT = vs/workbench/api/node/extensionHostProcess
# environment
HOME = /Users/alanhsiu
# makefile (from `makefile', line 10)
OPTFLAGS = -O2
# default
MAKEFILEPATH := /Applications/Xcode.app/Contents/Developer/Makefiles
# environment
VSCODE_CODE_CACHE_PATH = /Users/alanhsiu/Library/Application Support/Code/CachedData/e8a3071ea4344d9d48ef8a4df2c097372b0c5161
# environment
LOGNAME = alanhsiu
# environment
APPLICATION_INSIGHTS_NO_DIAGNOSTIC_CHANNEL = 1
# environment
VSCODE_HANDLES_UNCAUGHT_ERRORS = true
# automatic
^D = $(patsubst %/,%,$(dir $^))
# environment
XPC_FLAGS = 0x0
# default
MAKE = $(MAKE_COMMAND)
# default
MAKECMDGOALS := all
# environment
SHLVL = 1
# makefile (from `makefile', line 2)
CC = g++
# default
MAKE_VERSION := 3.81
# environment
USER = alanhsiu
# makefile
.DEFAULT_GOAL := all
# environment
LESS = -iRFXMx4
# automatic
%D = $(patsubst %/,%,$(dir $%))
# default
MAKE_COMMAND := /Applications/Xcode.app/Contents/Developer/usr/bin/make
# default
.VARIABLES := 
# environment
TMPDIR = /var/folders/x6/6rzyb8vx5ys6dv9f7rs7qk600000gn/T/
# automatic
*F = $(notdir $*)
# environment
VSCODE_IPC_HOOK = /Users/alanhsiu/Library/Application Support/Code/1.74.2-main.sock
# environment
MallocNanoZone = 0
# makefile
MAKEFLAGS = Rrqp
# environment
MFLAGS = -Rrqp
# automatic
*D = $(patsubst %/,%,$(dir $*))
# environment
XPC_SERVICE_NAME = application.com.microsoft.VSCode.48802116.48802124
# environment
HOMEBREW_PREFIX = /opt/homebrew
# automatic
+D = $(patsubst %/,%,$(dir $+))
# automatic
+F = $(notdir $+)
# environment
HOMEBREW_REPOSITORY = /opt/homebrew
# environment
__CF_USER_TEXT_ENCODING = 0x1F5:0x0:0x0
# environment
COMMAND_MODE = unix2003
# default
MAKEFILES := 
# automatic
<F = $(notdir $<)
# environment
TREE_COLORS = fi=00:mi=00:mh=00:ln=01;36:or=01;31:di=01;34:ow=01;34:st=34:tw=34:pi=01;33:so=01;33:do=01;33:bd=01;33:cd=01;33:su=01;35:sg=01;35:ca=01;35:ex=01;32
# environment
PAGER = less
# environment
LC_ALL = C
# makefile (from `makefile', line 9)
DBGFLAGS = -g -D_DEBUG_ON_
# automatic
^F = $(notdir $^)
# default
SUFFIXES := 
# default
.INCLUDE_DIRS = /usr/local/include
# environment
MAKELEVEL := 0
# environment
GPG_TTY = 
# environment
LANG = C
# environment
TERM = xterm-256color
# environment
VSCODE_PID = 21591
# variable set hash-table stats:
# Load=79/1024=8%, Rehash=0, Collisions=1/107=1%

# Pattern-specific Variable Values

# No pattern-specific variable values.

# Directories

# . (device 16777233, inode 4868270): 14 files, no impossibilities.

# 14 files, no impossibilities in 1 directories.

# Implicit Rules

# No implicit rules.

# Files

# Not a target:
src/sort_tool.h:
#  Implicit rule search has been done.
#  Last modified 2022-03-01 23:56:35
#  File has been updated.
#  Successfully updated.
# variable set hash-table stats:
# Load=0/32=0%, Rehash=0, Collisions=0/0=0%

bin/NTU_sort_dbg: sort_tool_dbg.o main_dbg.o lib
#  Implicit rule search has not been done.
#  Modification time never checked.
#  File has not been updated.
#  commands to execute (from `makefile', line 28):
	$(CC) $(DBGFLAGS) sort_tool_dbg.o main_dbg.o -ltm_usage -Llib -o bin/NTU_sort_dbg
	

# Not a target:
src/sort_tool.cpp:
#  Implicit rule search has been done.
#  Last modified 2022-03-15 00:35:35
#  File has been updated.
#  Successfully updated.
# variable set hash-table stats:
# Load=0/32=0%, Rehash=0, Collisions=0/0=0%

all: bin/NTU_sort
#  Command-line target.
#  Implicit rule search has not been done.
#  File does not exist.
#  File has been updated.
#  Needs to be updated (-q is set).
# variable set hash-table stats:
# Load=0/32=0%, Rehash=0, Collisions=0/4=0%
#  commands to execute (from `makefile', line 13):
	@echo -n ""
	

# Not a target:
lib/tm_usage.h:
#  Implicit rule search has been done.
#  Last modified 2021-09-21 18:49:34
#  File has been updated.
#  Successfully updated.
# variable set hash-table stats:
# Load=0/32=0%, Rehash=0, Collisions=0/0=0%

# Not a target:
.SUFFIXES:
#  Implicit rule search has not been done.
#  Modification time never checked.
#  File has not been updated.

# Not a target:
lib/tm_usage.cpp:
#  Implicit rule search has been done.
#  Last modified 2021-09-21 18:49:34
#  File has been updated.
#  Successfully updated.
# variable set hash-table stats:
# Load=0/32=0%, Rehash=0, Collisions=0/0=0%

# Not a target:
makefile:
#  Implicit rule search has been done.
#  Last modified 2022-03-14 20:02:18
#  File has been updated.
#  Successfully updated.
# variable set hash-table stats:
# Load=0/32=0%, Rehash=0, Collisions=0/0=0%

lib: lib/libtm_usage.a
#  Implicit rule search has been done.
#  Last modified 2022-03-15 03:43:40
#  File has been updated.
#  Successfully updated.
# variable set hash-table stats:
# Load=0/32=0%, Rehash=0, Collisions=0/0=0%

tm_usage.o: lib/tm_usage.cpp lib/tm_usage.h
#  Implicit rule search has not been done.
#  Last modified 2022-03-15 03:43:36
#  File has been updated.
#  Successfully updated.
# variable set hash-table stats:
# Load=0/32=0%, Rehash=0, Collisions=0/0=0%
#  commands to execute (from `makefile', line 39):
	$(CC) $(CFLAGS) $<
	

# Not a target:
.DEFAULT:
#  Implicit rule search has not been done.
#  Modification time never checked.
#  File has not been updated.

sort_tool_opt.o: src/sort_tool.cpp src/sort_tool.h
#  Implicit rule search has not been done.
#  Last modified 2022-03-15 03:43:36
#  File has been updated.
#  Successfully updated.
# variable set hash-table stats:
# Load=0/32=0%, Rehash=0, Collisions=0/0=0%
#  commands to execute (from `makefile', line 21):
	$(CC) $(CFLAGS) $(OPTFLAGS) $< -o $@
	

main_opt.o: src/main.cpp lib/tm_usage.h
#  Implicit rule search has not been done.
#  Last modified 2022-03-15 03:43:36
#  File has been updated.
#  Successfully updated.
# variable set hash-table stats:
# Load=0/32=0%, Rehash=0, Collisions=0/0=0%
#  commands to execute (from `makefile', line 19):
	$(CC) $(CFLAGS) $< -Ilib -o $@
	

# Not a target:
src/main.cpp:
#  Implicit rule search has been done.
 
#  Last modified 2022-03-01 23:56:40
#  File has been updated.
#  Successfully updated.
# variable set hash-table stats:
# Load=0/32=0%, Rehash=0, Collisions=0/0=0%

dbg: bin/NTU_sort_dbg
#  Implicit rule search has not been done.
#  Modification time never checked.
#  File has not been updated.
#  commands to execute (from `makefile', line 25):
	@echo -n ""
	

bin/NTU_sort: sort_tool_opt.o main_opt.o lib
#  Implicit rule search has not been done.
#  Implicit/static pattern stem: `'
#  Last modified 2022-03-15 03:43:36
#  File has been updated.
#  Needs to be updated (-q is set).
# automatic
# @ := bin/NTU_sort
# automatic
# % := 
# automatic
# * := 
# automatic
# + := sort_tool_opt.o main_opt.o lib
# automatic
# | := 
# automatic
# < := sort_tool_opt.o
# automatic
# ^ := sort_tool_opt.o main_opt.o lib
# automatic
# ? := lib
# variable set hash-table stats:
# Load=8/32=25%, Rehash=0, Collisions=1/12=8%
#  commands to execute (from `makefile', line 17):
	$(CC) $(OPTFLAGS) sort_tool_opt.o main_opt.o -ltm_usage -Llib -o bin/NTU_sort
	

sort_tool_dbg.o: src/sort_tool.cpp src/sort_tool.h
#  Implicit rule search has not been done.
#  Modification time never checked.
#  File has not been updated.
#  commands to execute (from `makefile', line 32):
	$(CC) $(CFLAGS) $(DBGFLAGS) $< -o $@
	

main_dbg.o: src/main.cpp lib/tm_usage.h
#  Implicit rule search has not been done.
#  Modification time never checked.
#  File has not been updated.
#  commands to execute (from `makefile', line 30):
	$(CC) $(CFLAGS) $< -Ilib -o $@
	

clean:
#  Implicit rule search has not been done.
#  Modification time never checked.
#  File has not been updated.
#  commands to execute (from `makefile', line 43):
	rm -rf *.o lib/*.a lib/*.o bin/*
	

lib/libtm_usage.a: tm_usage.o
#  Implicit rule search has not been done.
#  Last modified 2022-03-15 03:43:36
#  File has been updated.
#  Successfully updated.
# variable set hash-table stats:
# Load=0/32=0%, Rehash=0, Collisions=0/0=0%
#  commands to execute (from `makefile', line 37):
	$(AR) $(ARFLAGS) $@ $<
	

# files hash-table stats:
# Load=20/1024=2%, Rehash=0, Collisions=1/54=2%
# VPATH Search Paths

# No `vpath' search paths.

# No general (`VPATH' variable) search path.

# # of strings in strcache: 1
# # of strcache buffers: 1
# strcache size: total = 4096 / max = 4096 / min = 4096 / avg = 4096
# strcache free: total = 4087 / max = 4087 / min = 4087 / avg = 4087

# Finished Make data base on Mon Jan  2 18:35:03 2023

 
